E:\C语言作业\三原色大战\181870186孙旭轶 181870182宋昕洋 三原色大战\DEBUG\三原色大战.EXE
E:\C语言作业\三原色大战\181870186孙旭轶 181870182宋昕洋 三原色大战\DEBUG\三原色大战.ILK
E:\C语言作业\三原色大战\181870186孙旭轶 181870182宋昕洋 三原色大战\DEBUG\三原色大战.PDB
E:\c语言作业\三原色大战\181870186孙旭轶 181870182宋昕洋 三原色大战\三原色大战\Debug\cl.command.1.tlog
E:\c语言作业\三原色大战\181870186孙旭轶 181870182宋昕洋 三原色大战\三原色大战\Debug\CL.read.1.tlog
E:\c语言作业\三原色大战\181870186孙旭轶 181870182宋昕洋 三原色大战\三原色大战\Debug\CL.write.1.tlog
E:\c语言作业\三原色大战\181870186孙旭轶 181870182宋昕洋 三原色大战\三原色大战\Debug\link.command.1.tlog
E:\c语言作业\三原色大战\181870186孙旭轶 181870182宋昕洋 三原色大战\三原色大战\Debug\link.read.1.tlog
E:\c语言作业\三原色大战\181870186孙旭轶 181870182宋昕洋 三原色大战\三原色大战\Debug\link.write.1.tlog
E:\c语言作业\三原色大战\181870186孙旭轶 181870182宋昕洋 三原色大战\三原色大战\Debug\mt.command.1.tlog
E:\c语言作业\三原色大战\181870186孙旭轶 181870182宋昕洋 三原色大战\三原色大战\Debug\mt.read.1.tlog
E:\c语言作业\三原色大战\181870186孙旭轶 181870182宋昕洋 三原色大战\三原色大战\Debug\mt.write.1.tlog
E:\c语言作业\三原色大战\181870186孙旭轶 181870182宋昕洋 三原色大战\三原色大战\Debug\vc100.idb
E:\C语言作业\三原色大战\181870186孙旭轶 181870182宋昕洋 三原色大战\三原色大战\DEBUG\VC100.PDB
E:\C语言作业\三原色大战\181870186孙旭轶 181870182宋昕洋 三原色大战\三原色大战\DEBUG\三原色大战.EXE.INTERMEDIATE.MANIFEST
E:\C语言作业\三原色大战\181870186孙旭轶 181870182宋昕洋 三原色大战\三原色大战\DEBUG\三原色大战.OBJ
E:\c语言作业\三原色大战\181870186孙旭轶 181870182宋昕洋 三原色大战\三原色大战\Debug\三原色大战.vcxprojResolveAssemblyReference.cache
E:\c语言作业\三原色大战\181870186孙旭轶 181870182宋昕洋 三原色大战\三原色大战\Debug\三原色大战.write.1.tlog
E:\C语言作业\三原色大战\三原色大战\DEBUG\三原色大战.EXE
E:\C语言作业\三原色大战\三原色大战\DEBUG\三原色大战.ILK
E:\C语言作业\三原色大战\三原色大战\DEBUG\三原色大战.PDB
E:\C语言作业\三原色大战\三原色大战\三原色大战\DEBUG\VC100.PDB
E:\C语言作业\三原色大战\三原色大战\三原色大战\DEBUG\三原色大战.EXE.INTERMEDIATE.MANIFEST
E:\C语言作业\三原色大战\三原色大战\三原色大战\DEBUG\三原色大战.OBJ
